Shelleys-MBP:docker_web_app shelley$ docker build -t shelleysu84/node-web-app .
Sending build context to Docker daemon  48.64kB
Step 1/8 : FROM node:boron
boron: Pulling from library/node
9f0706ba7422: Pull complete 
d3942a742d22: Pull complete 
c6575234aef3: Pull complete 
8af5f3519ed2: Pull complete 
499918815ac4: Pull complete 
a6afb9f741ee: Pull complete 
7686199cc5ca: Pull complete 
f1b1e244d947: Pull complete 
Digest: sha256:ce447d7dec7406d047cab65245e311ed740e5f4232707b13987b73552c88872b
Status: Downloaded newer image for node:boron
 ---> cf1a65507771
Step 2/8 : RUN mkdir -p /usr/src/app
 ---> Running in 88625cef414a
 ---> 8cf573db723e
Removing intermediate container 88625cef414a
Step 3/8 : WORKDIR /usr/src/app
 ---> 58d99474258a
Removing intermediate container 27d55999541b
Step 4/8 : COPY package.json /usr/src/app/
 ---> b010b0b44b5e
Removing intermediate container 85accc76e7f1
Step 5/8 : RUN npm install
 ---> Running in aca6fe1d0d11
npm info it worked if it ends with ok
npm info using npm@3.10.10
npm info using node@v6.11.1
npm info attempt registry request try #1 at 6:25:35 PM
npm http request GET https://registry.npmjs.org/express
npm http 200 https://registry.npmjs.org/express
npm info retry fetch attempt 1 at 6:25:36 PM
npm info attempt registry request try #1 at 6:25:36 PM
npm http fetch GET https://registry.npmjs.org/express/-/express-4.15.3.tgz
npm http fetch 200 https://registry.npmjs.org/express/-/express-4.15.3.tgz
npm info attempt registry request try #1 at 6:25:36 PM
npm http request GET https://registry.npmjs.org/accepts
npm info attempt registry request try #1 at 6:25:36 PM
npm http request GET https://registry.npmjs.org/array-flatten
npm info attempt registry request try #1 at 6:25:36 PM
npm http request GET https://registry.npmjs.org/content-disposition
npm info attempt registry request try #1 at 6:25:36 PM
npm http request GET https://registry.npmjs.org/content-type
npm info attempt registry request try #1 at 6:25:36 PM
npm http request GET https://registry.npmjs.org/cookie
npm info attempt registry request try #1 at 6:25:36 PM
npm http request GET https://registry.npmjs.org/cookie-signature
npm info attempt registry request try #1 at 6:25:36 PM
npm http request GET https://registry.npmjs.org/debug
npm info attempt registry request try #1 at 6:25:36 PM
npm http request GET https://registry.npmjs.org/depd
npm info attempt registry request try #1 at 6:25:36 PM
npm http request GET https://registry.npmjs.org/encodeurl
npm info attempt registry request try #1 at 6:25:36 PM
npm http request GET https://registry.npmjs.org/escape-html
npm info attempt registry request try #1 at 6:25:36 PM
npm http request GET https://registry.npmjs.org/etag
npm info attempt registry request try #1 at 6:25:36 PM
npm http request GET https://registry.npmjs.org/finalhandler
npm info attempt registry request try #1 at 6:25:36 PM
npm http request GET https://registry.npmjs.org/fresh
npm info attempt registry request try #1 at 6:25:36 PM
npm http request GET https://registry.npmjs.org/merge-descriptors
npm info attempt registry request try #1 at 6:25:36 PM
npm http request GET https://registry.npmjs.org/methods
npm info attempt registry request try #1 at 6:25:36 PM
npm http request GET https://registry.npmjs.org/on-finished
npm info attempt registry request try #1 at 6:25:36 PM
npm http request GET https://registry.npmjs.org/parseurl
npm info attempt registry request try #1 at 6:25:36 PM
npm http request GET https://registry.npmjs.org/path-to-regexp
npm info attempt registry request try #1 at 6:25:36 PM
npm http request GET https://registry.npmjs.org/proxy-addr
npm info attempt registry request try #1 at 6:25:36 PM
npm http request GET https://registry.npmjs.org/qs
npm info attempt registry request try #1 at 6:25:36 PM
npm http request GET https://registry.npmjs.org/range-parser
npm info attempt registry request try #1 at 6:25:36 PM
npm http request GET https://registry.npmjs.org/send
npm info attempt registry request try #1 at 6:25:36 PM
npm http request GET https://registry.npmjs.org/serve-static
npm info attempt registry request try #1 at 6:25:36 PM
npm http request GET https://registry.npmjs.org/setprototypeof
npm info attempt registry request try #1 at 6:25:36 PM
npm http request GET https://registry.npmjs.org/statuses
npm info attempt registry request try #1 at 6:25:36 PM
npm http request GET https://registry.npmjs.org/type-is
npm info attempt registry request try #1 at 6:25:36 PM
npm http request GET https://registry.npmjs.org/utils-merge
npm info attempt registry request try #1 at 6:25:36 PM
npm http request GET https://registry.npmjs.org/vary
npm http 200 https://registry.npmjs.org/accepts
npm info retry fetch attempt 1 at 6:25:36 PM
npm info attempt registry request try #1 at 6:25:36 PM
npm http fetch GET https://registry.npmjs.org/accepts/-/accepts-1.3.3.tgz
npm http fetch 200 https://registry.npmjs.org/accepts/-/accepts-1.3.3.tgz
npm http 200 https://registry.npmjs.org/array-flatten
npm http 200 https://registry.npmjs.org/cookie
npm info retry fetch attempt 1 at 6:25:36 PM
npm info attempt registry request try #1 at 6:25:36 PM
npm http fetch GET https://registry.npmjs.org/array-flatten/-/array-flatten-1.1.1.tgz
npm http 200 https://registry.npmjs.org/depd
npm http 200 https://registry.npmjs.org/encodeurl
npm http 200 https://registry.npmjs.org/finalhandler
npm http 200 https://registry.npmjs.org/fresh
npm http 200 https://registry.npmjs.org/on-finished
npm http 200 https://registry.npmjs.org/content-type
npm http 200 https://registry.npmjs.org/methods
npm http 200 https://registry.npmjs.org/parseurl
npm http 200 https://registry.npmjs.org/cookie-signature
npm http 200 https://registry.npmjs.org/range-parser
npm http 200 https://registry.npmjs.org/escape-html
npm http 200 https://registry.npmjs.org/content-disposition
npm http 200 https://registry.npmjs.org/etag
npm http 200 https://registry.npmjs.org/merge-descriptors
npm http fetch 200 https://registry.npmjs.org/array-flatten/-/array-flatten-1.1.1.tgz
npm http 200 https://registry.npmjs.org/statuses
npm http 200 https://registry.npmjs.org/vary
npm http 200 https://registry.npmjs.org/path-to-regexp
npm http 200 https://registry.npmjs.org/proxy-addr
npm http 200 https://registry.npmjs.org/debug
npm http 200 https://registry.npmjs.org/utils-merge
npm http 200 https://registry.npmjs.org/setprototypeof
npm info retry fetch attempt 1 at 6:25:36 PM
npm info attempt registry request try #1 at 6:25:36 PM
npm http fetch GET https://registry.npmjs.org/cookie/-/cookie-0.3.1.tgz
npm info retry fetch attempt 1 at 6:25:36 PM
npm info attempt registry request try #1 at 6:25:36 PM
npm http fetch GET https://registry.npmjs.org/depd/-/depd-1.1.0.tgz
npm http 200 https://registry.npmjs.org/send
npm http 200 https://registry.npmjs.org/serve-static
npm http 200 https://registry.npmjs.org/type-is
npm info retry fetch attempt 1 at 6:25:36 PM
npm info attempt registry request try #1 at 6:25:36 PM
npm http fetch GET https://registry.npmjs.org/encodeurl/-/encodeurl-1.0.1.tgz
npm http fetch 200 https://registry.npmjs.org/cookie/-/cookie-0.3.1.tgz
npm http 200 https://registry.npmjs.org/qs
npm info retry fetch attempt 1 at 6:25:36 PM
npm info attempt registry request try #1 at 6:25:36 PM
npm http fetch GET https://registry.npmjs.org/finalhandler/-/finalhandler-1.0.3.tgz
npm info retry fetch attempt 1 at 6:25:36 PM
npm info attempt registry request try #1 at 6:25:36 PM
npm http fetch GET https://registry.npmjs.org/fresh/-/fresh-0.5.0.tgz
npm info retry fetch attempt 1 at 6:25:36 PM
npm info attempt registry request try #1 at 6:25:36 PM
npm http fetch GET https://registry.npmjs.org/on-finished/-/on-finished-2.3.0.tgz
npm info retry fetch attempt 1 at 6:25:36 PM
npm info attempt registry request try #1 at 6:25:36 PM
npm http fetch GET https://registry.npmjs.org/content-type/-/content-type-1.0.2.tgz
npm info retry fetch attempt 1 at 6:25:36 PM
npm info attempt registry request try #1 at 6:25:36 PM
npm http fetch GET https://registry.npmjs.org/methods/-/methods-1.1.2.tgz
npm info retry fetch attempt 1 at 6:25:36 PM
npm info attempt registry request try #1 at 6:25:36 PM
npm http fetch GET https://registry.npmjs.org/parseurl/-/parseurl-1.3.1.tgz
npm http fetch 200 https://registry.npmjs.org/depd/-/depd-1.1.0.tgz
npm http fetch 200 https://registry.npmjs.org/encodeurl/-/encodeurl-1.0.1.tgz
npm info retry fetch attempt 1 at 6:25:36 PM
npm info attempt registry request try #1 at 6:25:36 PM
npm http fetch GET https://registry.npmjs.org/cookie-signature/-/cookie-signature-1.0.6.tgz
npm info retry fetch attempt 1 at 6:25:36 PM
npm info attempt registry request try #1 at 6:25:36 PM
npm http fetch GET https://registry.npmjs.org/range-parser/-/range-parser-1.2.0.tgz
npm info retry fetch attempt 1 at 6:25:36 PM
npm info attempt registry request try #1 at 6:25:36 PM
npm http fetch GET https://registry.npmjs.org/escape-html/-/escape-html-1.0.3.tgz
npm info retry fetch attempt 1 at 6:25:36 PM
npm info attempt registry request try #1 at 6:25:36 PM
npm http fetch GET https://registry.npmjs.org/content-disposition/-/content-disposition-0.5.2.tgz
npm info retry fetch attempt 1 at 6:25:36 PM
npm info attempt registry request try #1 at 6:25:36 PM
npm http fetch GET https://registry.npmjs.org/etag/-/etag-1.8.0.tgz
npm info retry fetch attempt 1 at 6:25:36 PM
npm info attempt registry request try #1 at 6:25:36 PM
npm http fetch GET https://registry.npmjs.org/merge-descriptors/-/merge-descriptors-1.0.1.tgz
npm http fetch 200 https://registry.npmjs.org/finalhandler/-/finalhandler-1.0.3.tgz
npm http fetch 200 https://registry.npmjs.org/fresh/-/fresh-0.5.0.tgz
npm http fetch 200 https://registry.npmjs.org/on-finished/-/on-finished-2.3.0.tgz
npm info retry fetch attempt 1 at 6:25:36 PM
npm info attempt registry request try #1 at 6:25:36 PM
npm http fetch GET https://registry.npmjs.org/statuses/-/statuses-1.3.1.tgz
npm info retry fetch attempt 1 at 6:25:36 PM
npm info attempt registry request try #1 at 6:25:36 PM
npm http fetch GET https://registry.npmjs.org/vary/-/vary-1.1.1.tgz
npm http fetch 200 https://registry.npmjs.org/content-type/-/content-type-1.0.2.tgz
npm http fetch 200 https://registry.npmjs.org/methods/-/methods-1.1.2.tgz
npm http fetch 200 https://registry.npmjs.org/parseurl/-/parseurl-1.3.1.tgz
npm http fetch 200 https://registry.npmjs.org/cookie-signature/-/cookie-signature-1.0.6.tgz
npm http fetch 200 https://registry.npmjs.org/range-parser/-/range-parser-1.2.0.tgz
npm http fetch 200 https://registry.npmjs.org/escape-html/-/escape-html-1.0.3.tgz
npm info retry fetch attempt 1 at 6:25:36 PM
npm info attempt registry request try #1 at 6:25:36 PM
npm http fetch GET https://registry.npmjs.org/path-to-regexp/-/path-to-regexp-0.1.7.tgz
npm info retry fetch attempt 1 at 6:25:36 PM
npm info attempt registry request try #1 at 6:25:36 PM
npm http fetch GET https://registry.npmjs.org/proxy-addr/-/proxy-addr-1.1.4.tgz
npm http fetch 200 https://registry.npmjs.org/content-disposition/-/content-disposition-0.5.2.tgz
npm http fetch 200 https://registry.npmjs.org/etag/-/etag-1.8.0.tgz
npm http fetch 200 https://registry.npmjs.org/merge-descriptors/-/merge-descriptors-1.0.1.tgz
npm info retry fetch attempt 1 at 6:25:37 PM
npm info attempt registry request try #1 at 6:25:37 PM
npm http fetch GET https://registry.npmjs.org/debug/-/debug-2.6.7.tgz
npm http fetch 200 https://registry.npmjs.org/statuses/-/statuses-1.3.1.tgz
npm http fetch 200 https://registry.npmjs.org/vary/-/vary-1.1.1.tgz
npm info retry fetch attempt 1 at 6:25:37 PM
npm info attempt registry request try #1 at 6:25:37 PM
npm http fetch GET https://registry.npmjs.org/utils-merge/-/utils-merge-1.0.0.tgz
npm info retry fetch attempt 1 at 6:25:37 PM
npm info attempt registry request try #1 at 6:25:37 PM
npm http fetch GET https://registry.npmjs.org/setprototypeof/-/setprototypeof-1.0.3.tgz
npm http fetch 200 https://registry.npmjs.org/path-to-regexp/-/path-to-regexp-0.1.7.tgz
npm http fetch 200 https://registry.npmjs.org/proxy-addr/-/proxy-addr-1.1.4.tgz
npm http fetch 200 https://registry.npmjs.org/debug/-/debug-2.6.7.tgz
npm info retry fetch attempt 1 at 6:25:37 PM
npm info attempt registry request try #1 at 6:25:37 PM
npm http fetch GET https://registry.npmjs.org/send/-/send-0.15.3.tgz
npm info retry fetch attempt 1 at 6:25:37 PM
npm info attempt registry request try #1 at 6:25:37 PM
npm http fetch GET https://registry.npmjs.org/type-is/-/type-is-1.6.15.tgz
npm info retry fetch attempt 1 at 6:25:37 PM
npm info attempt registry request try #1 at 6:25:37 PM
npm http fetch GET https://registry.npmjs.org/serve-static/-/serve-static-1.12.3.tgz
npm http fetch 200 https://registry.npmjs.org/utils-merge/-/utils-merge-1.0.0.tgz
npm http fetch 200 https://registry.npmjs.org/setprototypeof/-/setprototypeof-1.0.3.tgz
npm info retry fetch attempt 1 at 6:25:37 PM
npm info attempt registry request try #1 at 6:25:37 PM
npm http fetch GET https://registry.npmjs.org/qs/-/qs-6.4.0.tgz
npm http fetch 200 https://registry.npmjs.org/send/-/send-0.15.3.tgz
npm http fetch 200 https://registry.npmjs.org/type-is/-/type-is-1.6.15.tgz
npm http fetch 200 https://registry.npmjs.org/serve-static/-/serve-static-1.12.3.tgz
npm http fetch 200 https://registry.npmjs.org/qs/-/qs-6.4.0.tgz
npm info attempt registry request try #1 at 6:25:37 PM
npm http request GET https://registry.npmjs.org/mime-types
npm info attempt registry request try #1 at 6:25:37 PM
npm http request GET https://registry.npmjs.org/negotiator
npm http 200 https://registry.npmjs.org/negotiator
npm http 200 https://registry.npmjs.org/mime-types
npm info retry fetch attempt 1 at 6:25:37 PM
npm info attempt registry request try #1 at 6:25:37 PM
npm http fetch GET https://registry.npmjs.org/negotiator/-/negotiator-0.6.1.tgz
npm info retry fetch attempt 1 at 6:25:37 PM
npm info attempt registry request try #1 at 6:25:37 PM
npm http fetch GET https://registry.npmjs.org/mime-types/-/mime-types-2.1.15.tgz
npm http fetch 200 https://registry.npmjs.org/negotiator/-/negotiator-0.6.1.tgz
npm http fetch 200 https://registry.npmjs.org/mime-types/-/mime-types-2.1.15.tgz
npm info attempt registry request try #1 at 6:25:37 PM
npm http request GET https://registry.npmjs.org/mime-db
npm http 200 https://registry.npmjs.org/mime-db
npm info retry fetch attempt 1 at 6:25:37 PM
npm info attempt registry request try #1 at 6:25:37 PM
npm http fetch GET https://registry.npmjs.org/mime-db/-/mime-db-1.27.0.tgz
npm http fetch 200 https://registry.npmjs.org/mime-db/-/mime-db-1.27.0.tgz
npm info attempt registry request try #1 at 6:25:37 PM
npm http request GET https://registry.npmjs.org/ms
npm http 200 https://registry.npmjs.org/ms
npm info retry fetch attempt 1 at 6:25:37 PM
npm info attempt registry request try #1 at 6:25:37 PM
npm http fetch GET https://registry.npmjs.org/ms/-/ms-2.0.0.tgz
npm http fetch 200 https://registry.npmjs.org/ms/-/ms-2.0.0.tgz
npm info attempt registry request try #1 at 6:25:37 PM
npm http request GET https://registry.npmjs.org/unpipe
npm http 200 https://registry.npmjs.org/unpipe
npm info retry fetch attempt 1 at 6:25:37 PM
npm info attempt registry request try #1 at 6:25:37 PM
npm http fetch GET https://registry.npmjs.org/unpipe/-/unpipe-1.0.0.tgz
npm http fetch 200 https://registry.npmjs.org/unpipe/-/unpipe-1.0.0.tgz
npm info attempt registry request try #1 at 6:25:37 PM
npm http request GET https://registry.npmjs.org/ee-first
npm http 200 https://registry.npmjs.org/ee-first
npm info retry fetch attempt 1 at 6:25:37 PM
npm info attempt registry request try #1 at 6:25:37 PM
npm http fetch GET https://registry.npmjs.org/ee-first/-/ee-first-1.1.1.tgz
npm http fetch 200 https://registry.npmjs.org/ee-first/-/ee-first-1.1.1.tgz
npm info attempt registry request try #1 at 6:25:37 PM
npm http request GET https://registry.npmjs.org/forwarded
npm info attempt registry request try #1 at 6:25:37 PM
npm http request GET https://registry.npmjs.org/ipaddr.js
npm http 200 https://registry.npmjs.org/forwarded
npm http 200 https://registry.npmjs.org/ipaddr.js
npm info retry fetch attempt 1 at 6:25:37 PM
npm info attempt registry request try #1 at 6:25:37 PM
npm http fetch GET https://registry.npmjs.org/forwarded/-/forwarded-0.1.0.tgz
npm info retry fetch attempt 1 at 6:25:37 PM
npm info attempt registry request try #1 at 6:25:37 PM
npm http fetch GET https://registry.npmjs.org/ipaddr.js/-/ipaddr.js-1.3.0.tgz
npm http fetch 200 https://registry.npmjs.org/forwarded/-/forwarded-0.1.0.tgz
npm http fetch 200 https://registry.npmjs.org/ipaddr.js/-/ipaddr.js-1.3.0.tgz
npm info attempt registry request try #1 at 6:25:37 PM
npm http request GET https://registry.npmjs.org/destroy
npm info attempt registry request try #1 at 6:25:37 PM
npm http request GET https://registry.npmjs.org/http-errors
npm info attempt registry request try #1 at 6:25:37 PM
npm http request GET https://registry.npmjs.org/mime
npm http 200 https://registry.npmjs.org/destroy
npm http 200 https://registry.npmjs.org/http-errors
npm http 200 https://registry.npmjs.org/mime
npm info retry fetch attempt 1 at 6:25:37 PM
npm info attempt registry request try #1 at 6:25:37 PM
npm http fetch GET https://registry.npmjs.org/destroy/-/destroy-1.0.4.tgz
npm info retry fetch attempt 1 at 6:25:37 PM
npm info attempt registry request try #1 at 6:25:37 PM
npm http fetch GET https://registry.npmjs.org/http-errors/-/http-errors-1.6.1.tgz
npm info retry fetch attempt 1 at 6:25:37 PM
npm info attempt registry request try #1 at 6:25:37 PM
npm http fetch GET https://registry.npmjs.org/mime/-/mime-1.3.4.tgz
npm http fetch 200 https://registry.npmjs.org/destroy/-/destroy-1.0.4.tgz
npm http fetch 200 https://registry.npmjs.org/http-errors/-/http-errors-1.6.1.tgz
npm http fetch 200 https://registry.npmjs.org/mime/-/mime-1.3.4.tgz
npm info attempt registry request try #1 at 6:25:37 PM
npm http request GET https://registry.npmjs.org/inherits
npm http 200 https://registry.npmjs.org/inherits
npm info retry fetch attempt 1 at 6:25:38 PM
npm info attempt registry request try #1 at 6:25:38 PM
npm http fetch GET https://registry.npmjs.org/inherits/-/inherits-2.0.3.tgz
npm http fetch 200 https://registry.npmjs.org/inherits/-/inherits-2.0.3.tgz
npm info attempt registry request try #1 at 6:25:38 PM
npm http request GET https://registry.npmjs.org/media-typer
npm http 200 https://registry.npmjs.org/media-typer
npm info retry fetch attempt 1 at 6:25:38 PM
npm info attempt registry request try #1 at 6:25:38 PM
npm http fetch GET https://registry.npmjs.org/media-typer/-/media-typer-0.3.0.tgz
npm http fetch 200 https://registry.npmjs.org/media-typer/-/media-typer-0.3.0.tgz
npm info lifecycle docker_web_app@1.0.0~preinstall: docker_web_app@1.0.0
npm info lifecycle array-flatten@1.1.1~preinstall: array-flatten@1.1.1
npm info lifecycle content-disposition@0.5.2~preinstall: content-disposition@0.5.2
npm info lifecycle content-type@1.0.2~preinstall: content-type@1.0.2
npm info lifecycle cookie@0.3.1~preinstall: cookie@0.3.1
npm info lifecycle cookie-signature@1.0.6~preinstall: cookie-signature@1.0.6
npm info lifecycle depd@1.1.0~preinstall: depd@1.1.0
npm info lifecycle destroy@1.0.4~preinstall: destroy@1.0.4
npm info lifecycle ee-first@1.1.1~preinstall: ee-first@1.1.1
npm info lifecycle encodeurl@1.0.1~preinstall: encodeurl@1.0.1
npm info lifecycle escape-html@1.0.3~preinstall: escape-html@1.0.3
npm info lifecycle etag@1.8.0~preinstall: etag@1.8.0
npm info lifecycle forwarded@0.1.0~preinstall: forwarded@0.1.0
npm info lifecycle fresh@0.5.0~preinstall: fresh@0.5.0
npm info lifecycle inherits@2.0.3~preinstall: inherits@2.0.3
npm info lifecycle ipaddr.js@1.3.0~preinstall: ipaddr.js@1.3.0
npm info lifecycle media-typer@0.3.0~preinstall: media-typer@0.3.0
npm info lifecycle merge-descriptors@1.0.1~preinstall: merge-descriptors@1.0.1
npm info lifecycle methods@1.1.2~preinstall: methods@1.1.2
npm info lifecycle mime@1.3.4~preinstall: mime@1.3.4
npm info lifecycle mime-db@1.27.0~preinstall: mime-db@1.27.0
npm info lifecycle mime-types@2.1.15~preinstall: mime-types@2.1.15
npm info lifecycle ms@2.0.0~preinstall: ms@2.0.0
npm info lifecycle debug@2.6.7~preinstall: debug@2.6.7
npm info lifecycle negotiator@0.6.1~preinstall: negotiator@0.6.1
npm info lifecycle accepts@1.3.3~preinstall: accepts@1.3.3
npm info lifecycle on-finished@2.3.0~preinstall: on-finished@2.3.0
npm info lifecycle parseurl@1.3.1~preinstall: parseurl@1.3.1
npm info lifecycle path-to-regexp@0.1.7~preinstall: path-to-regexp@0.1.7
npm info lifecycle proxy-addr@1.1.4~preinstall: proxy-addr@1.1.4
npm info lifecycle qs@6.4.0~preinstall: qs@6.4.0
npm info lifecycle range-parser@1.2.0~preinstall: range-parser@1.2.0
npm info lifecycle setprototypeof@1.0.3~preinstall: setprototypeof@1.0.3
npm info lifecycle statuses@1.3.1~preinstall: statuses@1.3.1
npm info lifecycle http-errors@1.6.1~preinstall: http-errors@1.6.1
npm info lifecycle send@0.15.3~preinstall: send@0.15.3
npm info lifecycle serve-static@1.12.3~preinstall: serve-static@1.12.3
npm info lifecycle type-is@1.6.15~preinstall: type-is@1.6.15
npm info lifecycle unpipe@1.0.0~preinstall: unpipe@1.0.0
npm info lifecycle finalhandler@1.0.3~preinstall: finalhandler@1.0.3
npm info lifecycle utils-merge@1.0.0~preinstall: utils-merge@1.0.0
npm info lifecycle vary@1.1.1~preinstall: vary@1.1.1
npm info lifecycle express@4.15.3~preinstall: express@4.15.3
npm info linkStuff array-flatten@1.1.1
npm info linkStuff content-disposition@0.5.2
npm info linkStuff content-type@1.0.2
npm info linkStuff cookie@0.3.1
npm info linkStuff cookie-signature@1.0.6
npm info linkStuff depd@1.1.0
npm info linkStuff destroy@1.0.4
npm info linkStuff ee-first@1.1.1
npm info linkStuff encodeurl@1.0.1
npm info linkStuff escape-html@1.0.3
npm info linkStuff etag@1.8.0
npm info linkStuff forwarded@0.1.0
npm info linkStuff fresh@0.5.0
npm info linkStuff inherits@2.0.3
npm info linkStuff ipaddr.js@1.3.0
npm info linkStuff media-typer@0.3.0
npm info linkStuff merge-descriptors@1.0.1
npm info linkStuff methods@1.1.2
npm info linkStuff mime@1.3.4
npm info linkStuff mime-db@1.27.0
npm info linkStuff mime-types@2.1.15
npm info linkStuff ms@2.0.0
npm info linkStuff debug@2.6.7
npm info linkStuff negotiator@0.6.1
npm info linkStuff accepts@1.3.3
npm info linkStuff on-finished@2.3.0
npm info linkStuff parseurl@1.3.1
npm info linkStuff path-to-regexp@0.1.7
npm info linkStuff proxy-addr@1.1.4
npm info linkStuff qs@6.4.0
npm info linkStuff range-parser@1.2.0
npm info linkStuff setprototypeof@1.0.3
npm info linkStuff statuses@1.3.1
npm info linkStuff http-errors@1.6.1
npm info linkStuff send@0.15.3
npm info linkStuff serve-static@1.12.3
npm info linkStuff type-is@1.6.15
npm info linkStuff unpipe@1.0.0
npm info linkStuff finalhandler@1.0.3
npm info linkStuff utils-merge@1.0.0
npm info linkStuff vary@1.1.1
npm info linkStuff express@4.15.3
npm info lifecycle array-flatten@1.1.1~install: array-flatten@1.1.1
npm info lifecycle content-disposition@0.5.2~install: content-disposition@0.5.2
npm info lifecycle content-type@1.0.2~install: content-type@1.0.2
npm info lifecycle cookie@0.3.1~install: cookie@0.3.1
npm info lifecycle cookie-signature@1.0.6~install: cookie-signature@1.0.6
npm info lifecycle depd@1.1.0~install: depd@1.1.0
npm info lifecycle destroy@1.0.4~install: destroy@1.0.4
npm info lifecycle ee-first@1.1.1~install: ee-first@1.1.1
npm info lifecycle encodeurl@1.0.1~install: encodeurl@1.0.1
npm info lifecycle escape-html@1.0.3~install: escape-html@1.0.3
npm info lifecycle etag@1.8.0~install: etag@1.8.0
npm info lifecycle forwarded@0.1.0~install: forwarded@0.1.0
npm info lifecycle fresh@0.5.0~install: fresh@0.5.0
npm info lifecycle inherits@2.0.3~install: inherits@2.0.3
npm info lifecycle ipaddr.js@1.3.0~install: ipaddr.js@1.3.0
npm info lifecycle media-typer@0.3.0~install: media-typer@0.3.0
npm info lifecycle merge-descriptors@1.0.1~install: merge-descriptors@1.0.1
npm info lifecycle methods@1.1.2~install: methods@1.1.2
npm info lifecycle mime@1.3.4~install: mime@1.3.4
npm info lifecycle mime-db@1.27.0~install: mime-db@1.27.0
npm info lifecycle mime-types@2.1.15~install: mime-types@2.1.15
npm info lifecycle ms@2.0.0~install: ms@2.0.0
npm info lifecycle debug@2.6.7~install: debug@2.6.7
npm info lifecycle negotiator@0.6.1~install: negotiator@0.6.1
npm info lifecycle accepts@1.3.3~install: accepts@1.3.3
npm info lifecycle on-finished@2.3.0~install: on-finished@2.3.0
npm info lifecycle parseurl@1.3.1~install: parseurl@1.3.1
npm info lifecycle path-to-regexp@0.1.7~install: path-to-regexp@0.1.7
npm info lifecycle proxy-addr@1.1.4~install: proxy-addr@1.1.4
npm info lifecycle qs@6.4.0~install: qs@6.4.0
npm info lifecycle range-parser@1.2.0~install: range-parser@1.2.0
npm info lifecycle setprototypeof@1.0.3~install: setprototypeof@1.0.3
npm info lifecycle statuses@1.3.1~install: statuses@1.3.1
npm info lifecycle http-errors@1.6.1~install: http-errors@1.6.1
npm info lifecycle send@0.15.3~install: send@0.15.3
npm info lifecycle serve-static@1.12.3~install: serve-static@1.12.3
npm info lifecycle type-is@1.6.15~install: type-is@1.6.15
npm info lifecycle unpipe@1.0.0~install: unpipe@1.0.0
npm info lifecycle finalhandler@1.0.3~install: finalhandler@1.0.3
npm info lifecycle utils-merge@1.0.0~install: utils-merge@1.0.0
npm info lifecycle vary@1.1.1~install: vary@1.1.1
npm info lifecycle express@4.15.3~install: express@4.15.3
npm info lifecycle array-flatten@1.1.1~postinstall: array-flatten@1.1.1
npm info lifecycle content-disposition@0.5.2~postinstall: content-disposition@0.5.2
npm info lifecycle content-type@1.0.2~postinstall: content-type@1.0.2
npm info lifecycle cookie@0.3.1~postinstall: cookie@0.3.1
npm info lifecycle cookie-signature@1.0.6~postinstall: cookie-signature@1.0.6
npm info lifecycle depd@1.1.0~postinstall: depd@1.1.0
npm info lifecycle destroy@1.0.4~postinstall: destroy@1.0.4
npm info lifecycle ee-first@1.1.1~postinstall: ee-first@1.1.1
npm info lifecycle encodeurl@1.0.1~postinstall: encodeurl@1.0.1
npm info lifecycle escape-html@1.0.3~postinstall: escape-html@1.0.3
npm info lifecycle etag@1.8.0~postinstall: etag@1.8.0
npm info lifecycle forwarded@0.1.0~postinstall: forwarded@0.1.0
npm info lifecycle fresh@0.5.0~postinstall: fresh@0.5.0
npm info lifecycle inherits@2.0.3~postinstall: inherits@2.0.3
npm info lifecycle ipaddr.js@1.3.0~postinstall: ipaddr.js@1.3.0
npm info lifecycle media-typer@0.3.0~postinstall: media-typer@0.3.0
npm info lifecycle merge-descriptors@1.0.1~postinstall: merge-descriptors@1.0.1
npm info lifecycle methods@1.1.2~postinstall: methods@1.1.2
npm info lifecycle mime@1.3.4~postinstall: mime@1.3.4
npm info lifecycle mime-db@1.27.0~postinstall: mime-db@1.27.0
npm info lifecycle mime-types@2.1.15~postinstall: mime-types@2.1.15
npm info lifecycle ms@2.0.0~postinstall: ms@2.0.0
npm info lifecycle debug@2.6.7~postinstall: debug@2.6.7
npm info lifecycle negotiator@0.6.1~postinstall: negotiator@0.6.1
npm info lifecycle accepts@1.3.3~postinstall: accepts@1.3.3
npm info lifecycle on-finished@2.3.0~postinstall: on-finished@2.3.0
npm info lifecycle parseurl@1.3.1~postinstall: parseurl@1.3.1
npm info lifecycle path-to-regexp@0.1.7~postinstall: path-to-regexp@0.1.7
npm info lifecycle proxy-addr@1.1.4~postinstall: proxy-addr@1.1.4
npm info lifecycle qs@6.4.0~postinstall: qs@6.4.0
npm info lifecycle range-parser@1.2.0~postinstall: range-parser@1.2.0
npm info lifecycle setprototypeof@1.0.3~postinstall: setprototypeof@1.0.3
npm info lifecycle statuses@1.3.1~postinstall: statuses@1.3.1
npm info lifecycle http-errors@1.6.1~postinstall: http-errors@1.6.1
npm info lifecycle send@0.15.3~postinstall: send@0.15.3
npm info lifecycle serve-static@1.12.3~postinstall: serve-static@1.12.3
npm info lifecycle type-is@1.6.15~postinstall: type-is@1.6.15
npm info lifecycle unpipe@1.0.0~postinstall: unpipe@1.0.0
npm info lifecycle finalhandler@1.0.3~postinstall: finalhandler@1.0.3
npm info lifecycle utils-merge@1.0.0~postinstall: utils-merge@1.0.0
npm info lifecycle vary@1.1.1~postinstall: vary@1.1.1
npm info lifecycle express@4.15.3~postinstall: express@4.15.3
npm info linkStuff docker_web_app@1.0.0
npm info lifecycle docker_web_app@1.0.0~install: docker_web_app@1.0.0
npm info lifecycle docker_web_app@1.0.0~postinstall: docker_web_app@1.0.0
npm info lifecycle docker_web_app@1.0.0~prepublish: docker_web_app@1.0.0
docker_web_app@1.0.0 /usr/src/app
`-- express@4.15.3 
  +-- accepts@1.3.3 
  | +-- mime-types@2.1.15 
  | | `-- mime-db@1.27.0 
  | `-- negotiator@0.6.1 
  +-- array-flatten@1.1.1 
  +-- content-disposition@0.5.2 
  +-- content-type@1.0.2 
  +-- cookie@0.3.1 
  +-- cookie-signature@1.0.6 
  +-- debug@2.6.7 
  | `-- ms@2.0.0 
  +-- depd@1.1.0 
  +-- encodeurl@1.0.1 
  +-- escape-html@1.0.3 
  +-- etag@1.8.0 
  +-- finalhandler@1.0.3 
  | `-- unpipe@1.0.0 
  +-- fresh@0.5.0 
  +-- merge-descriptors@1.0.1 
  +-- methods@1.1.2 
  +-- on-finished@2.3.0 
  | `-- ee-first@1.1.1 
  +-- parseurl@1.3.1 
  +-- path-to-regexp@0.1.7 
  +-- proxy-addr@1.1.4 
  | +-- forwarded@0.1.0 
  | `-- ipaddr.js@1.3.0 
  +-- qs@6.4.0 
  +-- range-parser@1.2.0 
  +-- send@0.15.3 
  | +-- destroy@1.0.4 
  | +-- http-errors@1.6.1 
  | | `-- inherits@2.0.3 
  | `-- mime@1.3.4 
  +-- serve-static@1.12.3 
  +-- setprototypeof@1.0.3 
  +-- statuses@1.3.1 
  +-- type-is@1.6.15 
  | `-- media-typer@0.3.0 
  +-- utils-merge@1.0.0 
  `-- vary@1.1.1 

npm WARN docker_web_app@1.0.0 No repository field.
npm WARN docker_web_app@1.0.0 No license field.
npm info ok 
 ---> 61e7912f3e7e
Removing intermediate container aca6fe1d0d11
Step 6/8 : COPY . /usr/src/app
 ---> 096adcc37afa
Removing intermediate container 8af596517d48
Step 7/8 : EXPOSE 8080
 ---> Running in 3017f6b06ae5
 ---> 44142ebc9612
Removing intermediate container 3017f6b06ae5
Step 8/8 : CMD npm start
 ---> Running in 546e66770a1c
 ---> 81fcc456e767
Removing intermediate container 546e66770a1c
Successfully built 81fcc456e767
Successfully tagged shelleysu84/node-web-app:latest
Shelleys-MBP:docker_web_app shelley$ docker images
REPOSITORY                 TAG                 IMAGE ID            CREATED             SIZE
shelleysu84/node-web-app   latest              81fcc456e767        25 seconds ago      659MB
node                       boron               cf1a65507771        11 days ago         656MB
my_storage                 latest              a729594b1119        3 months ago        838MB
my_q_app_wrapper           latest              1b80a86172f0        3 months ago        977MB
ubuntu                     latest              0ef2e08ed3fa        4 months ago        130MB
hello-world                latest              48b5124b2768        6 months ago        1.84kB
node                       6.3.0               e79fe5711c94        12 months ago       661MB
docker/whalesay            latest              6b362a9f73eb        2 years ago         247MB
Shelleys-MBP:docker_web_app shelley$ docker run -p 49160:8080 -d shelleysu84/node-web-app
576882694dd7be6dec3d8876b3a53029054fed28b6a61404cb399e966dc2b009
Shelleys-MBP:docker_web_app shelley$ docker ps
CONTAINER ID        IMAGE                      COMMAND             CREATED             STATUS              PORTS                     NAMES
576882694dd7        shelleysu84/node-web-app   "npm start"         40 seconds ago      Up 38 seconds       0.0.0.0:49160->8080/tcp   practical_hamilton
Shelleys-MBP:docker_web_app shelley$ docker logs 576882694dd7
npm info it worked if it ends with ok
npm info using npm@3.10.10
npm info using node@v6.11.1
npm info lifecycle docker_web_app@1.0.0~prestart: docker_web_app@1.0.0
npm info lifecycle docker_web_app@1.0.0~start: docker_web_app@1.0.0

> docker_web_app@1.0.0 start /usr/src/app
> node server.js

Running on http://0.0.0.0:8080
Shelleys-MBP:docker_web_app shelley$ docker ps
CONTAINER ID        IMAGE                      COMMAND             CREATED             STATUS              PORTS                     NAMES
576882694dd7        shelleysu84/node-web-app   "npm start"         2 minutes ago       Up 2 minutes        0.0.0.0:49160->8080/tcp   practical_hamilton
Shelleys-MBP:docker_web_app shelley$ curl -i localhost:49160
HTTP/1.1 200 OK
X-Powered-By: Express
Content-Type: text/html; charset=utf-8
Content-Length: 12
ETag: W/"c-M6tWOb/Y57lesdjQuHeB1P/qTV0"
Date: Sun, 23 Jul 2017 18:31:20 GMT
Connection: keep-alive

Hello world
Shelleys-MBP:docker_web_app shelley$ 
Shelleys-MBP:docker_web_app shelley$ 
Shelleys-MBP:docker_web_app shelley$ git branch
Shelleys-MBP:docker_web_app shelley$ git init
Reinitialized existing Git repository in /Users/shelley/Documents/docker_web_app/.git/
Shelleys-MBP:docker_web_app shelley$ git add README.md
fatal: pathspec 'README.md' did not match any files
Shelleys-MBP:docker_web_app shelley$ git add Dockerfile
Shelleys-MBP:docker_web_app shelley$ git commit -m "first commit"
[master (root-commit) c4ff0bc] first commit
 1 file changed, 15 insertions(+)
 create mode 100644 Dockerfile
Shelleys-MBP:docker_web_app shelley$ git remote add origin https://github.com/shelleysu84/docker_web_app.git
fatal: remote origin already exists.
Shelleys-MBP:docker_web_app shelley$ git push -u origin master
Counting objects: 3, done.
Delta compression using up to 4 threads.
Compressing objects: 100% (2/2), done.
Writing objects: 100% (3/3), 376 bytes | 0 bytes/s, done.
Total 3 (delta 0), reused 0 (delta 0)
To https://github.com/shelleysu84/docker_web_app.git
 * [new branch]      master -> master
Branch master set up to track remote branch master from origin.
